<?xml version="1.0" encoding="UTF-8"?>
<!-- Generated by org.testng.reporters.JUnitReportReporter -->
<testsuite hostname="DESKTOP-IHE876C" failures="0" tests="1" name="tests.PlaceOrder" time="5.299" errors="0" timestamp="2024-01-15T16:02:49 IST" skipped="0">
  <testcase classname="tests.PlaceOrder" name="PurchaseProduct" time="5.299"/>
</testsuite> <!-- tests.PlaceOrder -->
